2025-03-15 16:57:18,736 - INFO - Recuperando archivos en E:...
2025-03-15 16:57:19,240 - INFO - Atributos restaurados correctamente.
2025-03-15 16:57:22,415 - INFO - Eliminando accesos directos...
2025-03-15 16:57:22,441 - INFO - Accesos directos eliminados correctamente.
2025-03-15 16:57:28,224 - INFO - Escaneando archivos sospechosos...
2025-03-15 16:57:28,231 - INFO - No se detectaron archivos sospechosos.
2025-03-15 17:48:30,576 - INFO - Restaurando atributos en D:...
2025-03-15 17:48:30,635 - INFO - Atributos restaurados correctamente.
2025-03-15 17:48:30,635 - INFO - Eliminando accesos directos...
2025-03-15 17:48:30,635 - INFO - Accesos directos eliminados correctamente.
2025-03-15 17:48:30,639 - INFO - Escaneando y desinfectando USB con Windows Defender...
2025-03-15 17:49:49,159 - INFO - 
2025-03-15 17:49:49,161 - INFO - Escaneo de Windows Defender completado.
2025-03-15 18:00:08,520 - INFO - Restaurando visibilidad de archivos en E:...
2025-03-15 18:00:08,978 - INFO - visibilidad de archivos restaurados correctamente.
2025-03-15 18:00:08,978 - INFO - Eliminando accesos directos...
2025-03-15 18:00:09,002 - INFO - Accesos directos eliminados correctamente.
2025-03-15 18:00:09,004 - INFO - Escaneando y desinfectando USB con Windows Defender...
2025-03-15 18:00:56,644 - INFO - 
2025-03-15 18:00:56,651 - INFO - Escaneo de Windows Defender completado.
2025-03-15 18:04:32,533 - INFO - Restaurando visibilidad de archivos en D:...
2025-03-15 18:04:32,584 - INFO - Visibilidad de archivos restaurada correctamente.
2025-03-15 18:04:32,584 - INFO - Eliminando accesos directos...
2025-03-15 18:04:32,586 - INFO - Accesos directos eliminados correctamente.
