2025-03-15 17:19:29,016 - INFO - Recuperando archivos en E:...
2025-03-15 17:19:29,505 - INFO - Atributos restaurados correctamente.
2025-03-15 17:19:29,505 - INFO - Eliminando accesos directos...
2025-03-15 17:19:29,526 - INFO - Accesos directos eliminados correctamente.
2025-03-15 17:19:29,526 - INFO - Escaneando archivos sospechosos...
2025-03-15 17:19:29,528 - INFO - No se detectaron archivos sospechosos.
2025-03-15 17:24:13,884 - INFO - Iniciando recuperación de archivos eliminados...
2025-03-15 17:24:13,930 - INFO - Proceso de recuperación finalizado.
2025-03-15 17:24:34,554 - INFO - Iniciando recuperación de archivos eliminados...
2025-03-15 17:24:34,578 - INFO - Proceso de recuperación finalizado.
2025-03-15 17:24:55,385 - INFO - Iniciando recuperación de archivos eliminados...
2025-03-15 17:24:55,404 - INFO - Proceso de recuperación finalizado.
2025-03-15 17:28:27,950 - ERROR - Error al recuperar archivos: name 'shutil' is not defined
2025-03-15 17:28:37,791 - INFO - Recuperando archivos en D:...
2025-03-15 17:28:37,888 - INFO - Atributos restaurados correctamente.
2025-03-15 17:28:37,888 - INFO - Eliminando accesos directos...
2025-03-15 17:28:37,893 - INFO - Accesos directos eliminados correctamente.
2025-03-15 17:28:37,893 - INFO - Escaneando archivos sospechosos...
2025-03-15 17:28:37,895 - INFO - No se detectaron archivos sospechosos.
2025-03-15 17:28:41,032 - ERROR - Error al recuperar archivos: name 'shutil' is not defined
2025-03-15 17:44:06,236 - INFO - Recuperando archivos en D:...
2025-03-15 17:44:06,298 - INFO - Atributos restaurados correctamente.
2025-03-15 17:44:06,300 - INFO - Eliminando accesos directos...
2025-03-15 17:44:06,302 - INFO - Accesos directos eliminados correctamente.
2025-03-15 17:44:06,302 - INFO - Escaneando archivos sospechosos...
2025-03-15 17:44:06,304 - INFO - Archivos sospechosos detectados: ['D:Recuperar carpetas.bat']
